<?xml version="1.0" encoding="UTF-8"?>
<!-- Generated by org.testng.reporters.JUnitXMLReporter -->
<testsuite ignored="0" hostname="DESKTOP-2IV6EK2" failures="0" tests="3" name="Default test" time="21.391" errors="0" timestamp="2025-12-09T19:55:04 IST">
  <testcase classname="campaign.CampaignTest" name="createCampaignwithExpectedDateTest" time="4.845"/>
  <testcase classname="campaign.CampaignTest" name="createCampaignwithMandataryDetailsTest" time="2.728"/>
  <testcase classname="campaign.CampaignTest" name="createCampaignwithStatusTest" time="2.308"/>
</testsuite> <!-- Default test -->
