<?xml version="1.0" encoding="UTF-8"?>
<!-- Generated by org.testng.reporters.JUnitReportReporter -->
<testsuite hostname="DESKTOP-2IV6EK2" failures="0" tests="5" name="TestNG.Demo3" time="0.056" errors="0" timestamp="2025-11-25T20:19:10 IST" skipped="0">
  <testcase classname="TestNG.Demo3" name="a1" time="0.004">
    <system-out>
      <![CDATA[a1 is executed]]>
    </system-out>
  </testcase> <!-- a1 -->
  <testcase classname="TestNG.Demo3" name="B1" time="0.007">
    <system-out>
      <![CDATA[B1 is executed]]>
    </system-out>
  </testcase> <!-- B1 -->
  <testcase classname="TestNG.Demo3" name="b1" time="0.006">
    <system-out>
      <![CDATA[b1 is executed]]>
    </system-out>
  </testcase> <!-- b1 -->
  <testcase classname="TestNG.Demo3" name="AA1" time="0.004">
    <system-out>
      <![CDATA[AA1 is executed]]>
    </system-out>
  </testcase> <!-- AA1 -->
  <testcase classname="TestNG.Demo3" name="A1" time="0.035">
    <system-out>
      <![CDATA[A1 is executed]]>
    </system-out>
  </testcase> <!-- A1 -->
  <system-out>
    <![CDATA[A1 is executed
AA1 is executed
B1 is executed
a1 is executed
b1 is executed]]>
  </system-out>
</testsuite> <!-- TestNG.Demo3 -->
