<?xml version="1.0" encoding="UTF-8"?>
<!-- Generated by org.testng.reporters.JUnitReportReporter -->
<testsuite hostname="DESKTOP-2IV6EK2" failures="0" tests="5" name="TestNG.InvocationCount" time="17.304" errors="0" timestamp="2025-11-25T20:49:02 IST" skipped="0">
  <testcase classname="TestNG.InvocationCount" name="sample" time="3.151">
    <system-out>
      <![CDATA[Instagram]]>
    </system-out>
  </testcase> <!-- sample -->
  <testcase classname="TestNG.InvocationCount" name="sample" time="4.408">
    <system-out>
      <![CDATA[Instagram]]>
    </system-out>
  </testcase> <!-- sample -->
  <testcase classname="TestNG.InvocationCount" name="sample" time="2.649">
    <system-out>
      <![CDATA[Instagram]]>
    </system-out>
  </testcase> <!-- sample -->
  <testcase classname="TestNG.InvocationCount" name="sample" time="3.623">
    <system-out>
      <![CDATA[Instagram]]>
    </system-out>
  </testcase> <!-- sample -->
  <testcase classname="TestNG.InvocationCount" name="sample" time="3.473">
    <system-out>
      <![CDATA[Instagram]]>
    </system-out>
  </testcase> <!-- sample -->
  <system-out>
    <![CDATA[Instagram
Instagram
Instagram
Instagram
Instagram]]>
  </system-out>
</testsuite> <!-- TestNG.InvocationCount -->
