<?xml version="1.0" encoding="UTF-8"?>
<!-- Generated by org.testng.reporters.JUnitReportReporter -->
<testsuite hostname="DESKTOP-2IV6EK2" failures="0" tests="3" name="TestNG.PriorityProgram" time="0.020" errors="0" timestamp="2025-11-25T20:33:38 IST" skipped="0">
  <testcase classname="TestNG.PriorityProgram" name="createAccount" time="0.016">
    <system-out>
      <![CDATA[CreateAccount]]>
    </system-out>
  </testcase> <!-- createAccount -->
  <testcase classname="TestNG.PriorityProgram" name="updateAccount" time="0.002">
    <system-out>
      <![CDATA[updateAccount]]>
    </system-out>
  </testcase> <!-- updateAccount -->
  <testcase classname="TestNG.PriorityProgram" name="deleteAccount" time="0.002">
    <system-out>
      <![CDATA[deleteAccount]]>
    </system-out>
  </testcase> <!-- deleteAccount -->
  <system-out>
    <![CDATA[CreateAccount
updateAccount
deleteAccount]]>
  </system-out>
</testsuite> <!-- TestNG.PriorityProgram -->
