<?xml version="1.0" encoding="UTF-8"?>
<!-- Generated by org.testng.reporters.JUnitReportReporter -->
<testsuite hostname="DESKTOP-2IV6EK2" failures="0" tests="7" name="TestNG.ThreadPoolSize" time="27.026" errors="0" timestamp="2025-11-26T19:36:25 IST" skipped="0">
  <testcase classname="TestNG.ThreadPoolSize" name="sample" time="2.878">
    <system-out>
      <![CDATA[Instagram]]>
    </system-out>
  </testcase> <!-- sample -->
  <testcase classname="TestNG.ThreadPoolSize" name="sample" time="3.379">
    <system-out>
      <![CDATA[Instagram]]>
    </system-out>
  </testcase> <!-- sample -->
  <testcase classname="TestNG.ThreadPoolSize" name="sample" time="5.563">
    <system-out>
      <![CDATA[Instagram]]>
    </system-out>
  </testcase> <!-- sample -->
  <testcase classname="TestNG.ThreadPoolSize" name="sample" time="6.646">
    <system-out>
      <![CDATA[Instagram]]>
    </system-out>
  </testcase> <!-- sample -->
  <testcase classname="TestNG.ThreadPoolSize" name="sample" time="2.838">
    <system-out>
      <![CDATA[Instagram]]>
    </system-out>
  </testcase> <!-- sample -->
  <testcase classname="TestNG.ThreadPoolSize" name="sample" time="2.653">
    <system-out>
      <![CDATA[Instagram]]>
    </system-out>
  </testcase> <!-- sample -->
  <testcase classname="TestNG.ThreadPoolSize" name="sample" time="3.069">
    <system-out>
      <![CDATA[Instagram]]>
    </system-out>
  </testcase> <!-- sample -->
  <system-out>
    <![CDATA[Instagram
Instagram
Instagram
Instagram
Instagram
Instagram
Instagram]]>
  </system-out>
</testsuite> <!-- TestNG.ThreadPoolSize -->
