<?xml version="1.0" encoding="UTF-8"?>
<!-- Generated by org.testng.reporters.JUnitReportReporter -->
<testsuite hostname="DESKTOP-2IV6EK2" failures="0" tests="4" name="TestNG.Demo1" time="0.043" errors="0" timestamp="2025-11-25T19:51:50 IST" skipped="0">
  <testcase classname="TestNG.Demo1" name="blinkit" time="0.028">
    <system-out>
      <![CDATA[hello blinkit]]>
    </system-out>
  </testcase> <!-- blinkit -->
  <testcase classname="TestNG.Demo1" name="zepto" time="0.004">
    <system-out>
      <![CDATA[hello zepto]]>
    </system-out>
  </testcase> <!-- zepto -->
  <testcase classname="TestNG.Demo1" name="jiomart" time="0.004">
    <system-out>
      <![CDATA[hello jiomart]]>
    </system-out>
  </testcase> <!-- jiomart -->
  <testcase classname="TestNG.Demo1" name="instamart" time="0.007">
    <system-out>
      <![CDATA[hello instamart]]>
    </system-out>
  </testcase> <!-- instamart -->
  <system-out>
    <![CDATA[hello blinkit
hello instamart
hello jiomart
hello zepto]]>
  </system-out>
</testsuite> <!-- TestNG.Demo1 -->
