<?xml version="1.0" encoding="UTF-8"?>
<!-- Generated by org.testng.reporters.JUnitReportReporter -->
<testsuite hostname="DESKTOP-2IV6EK2" failures="0" tests="3" name="campaign.CampaignTest" time="19.262" errors="0" timestamp="2025-12-09T19:55:05 IST" skipped="0">
  <testcase classname="campaign.CampaignTest" name="createCampaignwithExpectedDateTest" time="7.634">
    <system-out>
      <![CDATA[execution started
executed successfully]]>
    </system-out>
  </testcase> <!-- createCampaignwithExpectedDateTest -->
  <testcase classname="campaign.CampaignTest" name="createCampaignwithStatusTest" time="5.645">
    <system-out>
      <![CDATA[execution started
executed successfully]]>
    </system-out>
  </testcase> <!-- createCampaignwithStatusTest -->
  <testcase classname="campaign.CampaignTest" name="createCampaignwithMandataryDetailsTest" time="5.983">
    <system-out>
      <![CDATA[execution started
executed successfully]]>
    </system-out>
  </testcase> <!-- createCampaignwithMandataryDetailsTest -->
  <system-out>
    <![CDATA[DB conection
used for parllel execution
execution started
executed successfully
execution started
executed successfully
execution started
executed successfully
used for parllel execution
closing DB conection]]>
  </system-out>
</testsuite> <!-- campaign.CampaignTest -->
