<?xml version="1.0" encoding="UTF-8"?>
<!-- Generated by org.testng.reporters.JUnitReportReporter -->
<testsuite hostname="DESKTOP-2IV6EK2" failures="0" tests="3" name="TestNG.Dependson" time="0.010" errors="0" timestamp="2025-11-26T20:00:45 IST" skipped="0">
  <testcase classname="TestNG.Dependson" name="deleteAccount" time="0.001">
    <system-out>
      <![CDATA[deleteAccount]]>
    </system-out>
  </testcase> <!-- deleteAccount -->
  <testcase classname="TestNG.Dependson" name="createAccount" time="0.008">
    <system-out>
      <![CDATA[CreateAccount]]>
    </system-out>
  </testcase> <!-- createAccount -->
  <testcase classname="TestNG.Dependson" name="updateAccount" time="0.001">
    <system-out>
      <![CDATA[updateAccount]]>
    </system-out>
  </testcase> <!-- updateAccount -->
  <system-out>
    <![CDATA[CreateAccount
updateAccount
deleteAccount]]>
  </system-out>
</testsuite> <!-- TestNG.Dependson -->
