<?xml version="1.0" encoding="UTF-8"?>
<!-- Generated by org.testng.reporters.JUnitReportReporter -->
<testsuite hostname="DESKTOP-2IV6EK2" failures="0" tests="5" name="TestNG.Demo2" time="0.060" errors="0" timestamp="2025-11-25T20:07:25 IST" skipped="0">
  <testcase classname="TestNG.Demo2" name="aa2" time="0.005">
    <system-out>
      <![CDATA[aa2 is executing]]>
    </system-out>
  </testcase> <!-- aa2 -->
  <testcase classname="TestNG.Demo2" name="aa1" time="0.006">
    <system-out>
      <![CDATA[aa1 is executing]]>
    </system-out>
  </testcase> <!-- aa1 -->
  <testcase classname="TestNG.Demo2" name="b1" time="0.004">
    <system-out>
      <![CDATA[b1 is executing]]>
    </system-out>
  </testcase> <!-- b1 -->
  <testcase classname="TestNG.Demo2" name="a2" time="0.007">
    <system-out>
      <![CDATA[a2 is executing]]>
    </system-out>
  </testcase> <!-- a2 -->
  <testcase classname="TestNG.Demo2" name="a1" time="0.038">
    <system-out>
      <![CDATA[a1 is executing]]>
    </system-out>
  </testcase> <!-- a1 -->
  <system-out>
    <![CDATA[a1 is executing
a2 is executing
aa1 is executing
aa2 is executing
b1 is executing]]>
  </system-out>
</testsuite> <!-- TestNG.Demo2 -->
