<?xml version="1.0" encoding="UTF-8"?>
<!-- Generated by org.testng.reporters.JUnitReportReporter -->
<testsuite hostname="DESKTOP-2IV6EK2" failures="0" tests="3" name="TestNG.DataProvidersample" time="13.304" errors="0" timestamp="2025-11-26T20:32:08 IST" skipped="0">
  <testcase classname="TestNG.DataProvidersample" name="login" time="4.059"/>
  <testcase classname="TestNG.DataProvidersample" name="login" time="4.186"/>
  <testcase classname="TestNG.DataProvidersample" name="login" time="5.059"/>
</testsuite> <!-- TestNG.DataProvidersample -->
