<?xml version="1.0" encoding="UTF-8"?>
<!-- Generated by org.testng.reporters.JUnitReportReporter -->
<testsuite hostname="DESKTOP-2IV6EK2" failures="0" tests="4" name="TestNG.DataProviderwithexcel" time="19.664" errors="0" timestamp="2025-11-27T19:37:08 IST" skipped="0">
  <testcase classname="TestNG.DataProviderwithexcel" name="login" time="4.926"/>
  <testcase classname="TestNG.DataProviderwithexcel" name="login" time="4.403"/>
  <testcase classname="TestNG.DataProviderwithexcel" name="login" time="4.581"/>
  <testcase classname="TestNG.DataProviderwithexcel" name="login" time="5.754"/>
</testsuite> <!-- TestNG.DataProviderwithexcel -->
