<?xml version="1.0" encoding="UTF-8"?>
<!-- Generated by org.testng.reporters.JUnitReportReporter -->
<testsuite hostname="DESKTOP-2IV6EK2" failures="0" tests="2" name="TestNG.AssignmentPrg" time="18.618" errors="0" timestamp="2025-11-28T22:36:05 IST" skipped="0">
  <testcase classname="TestNG.AssignmentPrg" name="logintoflipkart" time="10.528">
    <system-out>
      <![CDATA[Apple iPhone 16 (Teal, 128 GB)- price is -₹69,900]]>
    </system-out>
  </testcase> <!-- logintoflipkart -->
  <testcase classname="TestNG.AssignmentPrg" name="logintoflipkart" time="8.090">
    <system-out>
      <![CDATA[Apple iPhone 14 (Starlight, 128 GB)- price is -₹54,900]]>
    </system-out>
  </testcase> <!-- logintoflipkart -->
  <system-out>
    <![CDATA[Apple iPhone 16 (Teal, 128 GB)- price is -₹69,900
Apple iPhone 14 (Starlight, 128 GB)- price is -₹54,900]]>
  </system-out>
</testsuite> <!-- TestNG.AssignmentPrg -->
