<?xml version="1.0" encoding="UTF-8"?>
<!-- Generated by org.testng.reporters.JUnitReportReporter -->
<testsuite hostname="DESKTOP-2IV6EK2" failures="0" tests="2" name="TestNG.ConfigurationProgram" time="0.028" errors="0" timestamp="2025-11-28T19:51:42 IST" skipped="0">
  <testcase classname="TestNG.ConfigurationProgram" name="testcase1" time="0.005">
    <system-out>
      <![CDATA[testcase1 executed]]>
    </system-out>
  </testcase> <!-- testcase1 -->
  <testcase classname="TestNG.ConfigurationProgram" name="testcase" time="0.023">
    <system-out>
      <![CDATA[testcase executed]]>
    </system-out>
  </testcase> <!-- testcase -->
  <system-out>
    <![CDATA[DB conection
used for parllel execution
Launching browser
Login
testcase executed
Logout
Login
testcase1 executed
Logout
closing browser
used for parllel execution
closing DB conection]]>
  </system-out>
</testsuite> <!-- TestNG.ConfigurationProgram -->
