<?xml version="1.0" encoding="UTF-8"?>
<!-- Generated by org.testng.reporters.JUnitReportReporter -->
<testsuite hostname="DESKTOP-2IV6EK2" failures="0" tests="4" name="TestNG.Enabled" time="0.016" errors="0" timestamp="2025-11-26T19:45:32 IST" skipped="1">
  <testcase classname="TestNG.Enabled" name="goodafternoon" time="0.011">
    <system-out>
      <![CDATA[goodafternoon]]>
    </system-out>
  </testcase> <!-- goodafternoon -->
  <testcase classname="TestNG.Enabled" name="goodmorning" time="0.003">
    <system-out>
      <![CDATA[goodmorning]]>
    </system-out>
  </testcase> <!-- goodmorning -->
  <testcase classname="TestNG.Enabled" name="goodevening" time="0.002">
    <system-out>
      <![CDATA[goodevening]]>
    </system-out>
  </testcase> <!-- goodevening -->
  <testcase classname="TestNG.Enabled" name="hello">
    <skipped/>
  </testcase> <!-- hello -->
  <system-out>
    <![CDATA[goodafternoon
goodevening
goodmorning]]>
  </system-out>
</testsuite> <!-- TestNG.Enabled -->
