<?xml version="1.0" encoding="UTF-8"?>
<!-- Generated by org.testng.reporters.JUnitXMLReporter -->
<testsuite ignored="0" hostname="DESKTOP-2IV6EK2" failures="0" tests="4" name="Test" time="36.254" errors="0" timestamp="2025-12-02T19:46:20 IST">
  <testcase classname="campaign.CampaignTest" name="createCampaignwithExpectedDateTest" time="4.969"/>
  <testcase classname="campaign.CampaignTest" name="createCampaignwithMandataryDetailsTest" time="2.726"/>
  <testcase classname="campaign.CampaignTest" name="createCampaignwithStatusTest" time="2.447"/>
  <testcase classname="product.ProductTest" name="createProductwithMandataryDetails" time="4.475"/>
</testsuite> <!-- Test -->
