<?xml version="1.0" encoding="UTF-8"?>
<testng-results ignored="0" total="3" passed="3" failed="0" skipped="0">
  <reporter-output>
    <line>
      <![CDATA[DB conection]]>
    </line>
    <line>
      <![CDATA[used for parllel execution]]>
    </line>
    <line>
      <![CDATA[execution started]]>
    </line>
    <line>
      <![CDATA[executed successfully]]>
    </line>
    <line>
      <![CDATA[execution started]]>
    </line>
    <line>
      <![CDATA[executed successfully]]>
    </line>
    <line>
      <![CDATA[execution started]]>
    </line>
    <line>
      <![CDATA[executed successfully]]>
    </line>
    <line>
      <![CDATA[used for parllel execution]]>
    </line>
    <line>
      <![CDATA[closing DB conection]]>
    </line>
  </reporter-output>
  <suite started-at="2025-12-09T19:54:43 IST" name="Default suite" finished-at="2025-12-09T19:55:04 IST" duration-ms="21391">
    <groups>
    </groups>
    <test started-at="2025-12-09T19:54:43 IST" name="Default test" finished-at="2025-12-09T19:55:04 IST" duration-ms="21391">
      <class name="campaign.CampaignTest">
        <test-method is-config="true" signature="beforesuite()[pri:0, instance:campaign.CampaignTest@5b239d7d]" started-at="2025-12-09T19:54:43 IST" name="beforesuite" finished-at="2025-12-09T19:54:43 IST" duration-ms="16" status="PASS">
          <reporter-output>
            <line>
              <![CDATA[DB conection]]>
            </line>
          </reporter-output>
        </test-method> <!-- beforesuite -->
        <test-method is-config="true" signature="beforeTest()[pri:0, instance:campaign.CampaignTest@5b239d7d]" started-at="2025-12-09T19:54:43 IST" name="beforeTest" finished-at="2025-12-09T19:54:43 IST" duration-ms="1" status="PASS">
          <reporter-output>
            <line>
              <![CDATA[used for parllel execution]]>
            </line>
          </reporter-output>
        </test-method> <!-- beforeTest -->
        <test-method is-config="true" signature="beforeClass()[pri:0, instance:campaign.CampaignTest@5b239d7d]" started-at="2025-12-09T19:54:43 IST" name="beforeClass" finished-at="2025-12-09T19:54:44 IST" duration-ms="1670" status="PASS">
          <reporter-output>
          </reporter-output>
        </test-method> <!-- beforeClass -->
        <test-method is-config="true" signature="beforeMethods()[pri:0, instance:campaign.CampaignTest@5b239d7d]" started-at="2025-12-09T19:54:45 IST" name="beforeMethods" finished-at="2025-12-09T19:54:47 IST" duration-ms="2266" status="PASS">
          <reporter-output>
          </reporter-output>
        </test-method> <!-- beforeMethods -->
        <test-method signature="createCampaignwithExpectedDateTest()[pri:0, instance:campaign.CampaignTest@5b239d7d]" started-at="2025-12-09T19:54:47 IST" name="createCampaignwithExpectedDateTest" finished-at="2025-12-09T19:54:52 IST" duration-ms="4845" status="PASS">
          <reporter-output>
            <line>
              <![CDATA[execution started]]>
            </line>
            <line>
              <![CDATA[executed successfully]]>
            </line>
          </reporter-output>
        </test-method> <!-- createCampaignwithExpectedDateTest -->
        <test-method is-config="true" signature="afterMethods()[pri:0, instance:campaign.CampaignTest@5b239d7d]" started-at="2025-12-09T19:54:52 IST" name="afterMethods" finished-at="2025-12-09T19:54:53 IST" duration-ms="1587" status="PASS">
          <reporter-output>
          </reporter-output>
        </test-method> <!-- afterMethods -->
        <test-method is-config="true" signature="beforeMethods()[pri:0, instance:campaign.CampaignTest@5b239d7d]" started-at="2025-12-09T19:54:53 IST" name="beforeMethods" finished-at="2025-12-09T19:54:55 IST" duration-ms="1668" status="PASS">
          <reporter-output>
          </reporter-output>
        </test-method> <!-- beforeMethods -->
        <test-method signature="createCampaignwithMandataryDetailsTest()[pri:0, instance:campaign.CampaignTest@5b239d7d]" started-at="2025-12-09T19:54:55 IST" name="createCampaignwithMandataryDetailsTest" finished-at="2025-12-09T19:54:58 IST" duration-ms="2728" status="PASS">
          <reporter-output>
            <line>
              <![CDATA[execution started]]>
            </line>
            <line>
              <![CDATA[executed successfully]]>
            </line>
          </reporter-output>
        </test-method> <!-- createCampaignwithMandataryDetailsTest -->
        <test-method is-config="true" signature="afterMethods()[pri:0, instance:campaign.CampaignTest@5b239d7d]" started-at="2025-12-09T19:54:58 IST" name="afterMethods" finished-at="2025-12-09T19:54:59 IST" duration-ms="1168" status="PASS">
          <reporter-output>
          </reporter-output>
        </test-method> <!-- afterMethods -->
        <test-method is-config="true" signature="beforeMethods()[pri:0, instance:campaign.CampaignTest@5b239d7d]" started-at="2025-12-09T19:54:59 IST" name="beforeMethods" finished-at="2025-12-09T19:55:00 IST" duration-ms="1621" status="PASS">
          <reporter-output>
          </reporter-output>
        </test-method> <!-- beforeMethods -->
        <test-method signature="createCampaignwithStatusTest()[pri:0, instance:campaign.CampaignTest@5b239d7d]" started-at="2025-12-09T19:55:00 IST" name="createCampaignwithStatusTest" finished-at="2025-12-09T19:55:03 IST" duration-ms="2308" status="PASS">
          <reporter-output>
            <line>
              <![CDATA[execution started]]>
            </line>
            <line>
              <![CDATA[executed successfully]]>
            </line>
          </reporter-output>
        </test-method> <!-- createCampaignwithStatusTest -->
        <test-method is-config="true" signature="afterMethods()[pri:0, instance:campaign.CampaignTest@5b239d7d]" started-at="2025-12-09T19:55:03 IST" name="afterMethods" finished-at="2025-12-09T19:55:04 IST" duration-ms="1071" status="PASS">
          <reporter-output>
          </reporter-output>
        </test-method> <!-- afterMethods -->
        <test-method is-config="true" signature="afterClass()[pri:0, instance:campaign.CampaignTest@5b239d7d]" started-at="2025-12-09T19:55:04 IST" name="afterClass" finished-at="2025-12-09T19:55:04 IST" duration-ms="353" status="PASS">
          <reporter-output>
          </reporter-output>
        </test-method> <!-- afterClass -->
        <test-method is-config="true" signature="afterTest()[pri:0, instance:campaign.CampaignTest@5b239d7d]" started-at="2025-12-09T19:55:04 IST" name="afterTest" finished-at="2025-12-09T19:55:04 IST" duration-ms="2" status="PASS">
          <reporter-output>
            <line>
              <![CDATA[used for parllel execution]]>
            </line>
          </reporter-output>
        </test-method> <!-- afterTest -->
        <test-method is-config="true" signature="aftersuite()[pri:0, instance:campaign.CampaignTest@5b239d7d]" started-at="2025-12-09T19:55:04 IST" name="aftersuite" finished-at="2025-12-09T19:55:04 IST" duration-ms="1" status="PASS">
          <reporter-output>
            <line>
              <![CDATA[closing DB conection]]>
            </line>
          </reporter-output>
        </test-method> <!-- aftersuite -->
      </class> <!-- campaign.CampaignTest -->
    </test> <!-- Default test -->
  </suite> <!-- Default suite -->
</testng-results>
